<?xml version="1.0" encoding="UTF-8"?>
<testsuite name="com.example.Default_Project.DefaultProjectApplicationTests" tests="1" skipped="0" failures="0" errors="0" timestamp="2025-02-19T02:13:18" hostname="onseogtaes-MacBook-Pro.local" time="0.312">
  <properties/>
  <testcase name="contextLoads()" classname="com.example.Default_Project.DefaultProjectApplicationTests" time="0.312"/>
  <system-out><![CDATA[11:13:16.377 [Test worker] INFO org.springframework.test.context.support.AnnotationConfigContextLoaderUtils -- Could not detect default configuration classes for test class [com.example.Default_Project.DefaultProjectApplicationTests]: DefaultProjectApplicationTests does not declare any static, non-private, non-final, nested classes annotated with @Configuration.
11:13:16.433 [Test worker] INFO org.springframework.boot.test.context.SpringBootTestContextBootstrapper -- Found @SpringBootConfiguration com.example.Default_Project.DefaultProjectApplication for test class com.example.Default_Project.DefaultProjectApplicationTests

  .   ____          _            __ _ _
 /\\ / ___'_ __ _ _(_)_ __  __ _ \ \ \ \
( ( )\___ | '_ | '_| | '_ \/ _` | \ \ \ \
 \\/  ___)| |_)| | | | | || (_| |  ) ) ) )
  '  |____| .__|_| |_|_| |_\__, | / / / /
 =========|_|==============|___/=/_/_/_/

 :: Spring Boot ::                (v3.4.2)

2025-02-19T11:13:16.680+09:00  INFO 88877 --- [    Test worker] c.e.D.DefaultProjectApplicationTests     : Starting DefaultProjectApplicationTests using Java 17.0.12 with PID 88877 (started by onseoktae in /Users/onseoktae/Documents/GitHub/Default/SpringBoot_Default)
2025-02-19T11:13:16.681+09:00  INFO 88877 --- [    Test worker] c.e.D.DefaultProjectApplicationTests     : The following 3 profiles are active: "local", "common", "local_secret"
2025-02-19T11:13:17.036+09:00  INFO 88877 --- [    Test worker] .s.d.r.c.RepositoryConfigurationDelegate : Bootstrapping Spring Data JPA repositories in DEFAULT mode.
2025-02-19T11:13:17.072+09:00  INFO 88877 --- [    Test worker] .s.d.r.c.RepositoryConfigurationDelegate : Finished Spring Data repository scanning in 30 ms. Found 2 JPA repository interfaces.
2025-02-19T11:13:17.365+09:00  INFO 88877 --- [    Test worker] o.hibernate.jpa.internal.util.LogHelper  : HHH000204: Processing PersistenceUnitInfo [name: default]
2025-02-19T11:13:17.389+09:00  INFO 88877 --- [    Test worker] org.hibernate.Version                    : HHH000412: Hibernate ORM core version 6.6.5.Final
2025-02-19T11:13:17.407+09:00  INFO 88877 --- [    Test worker] o.h.c.internal.RegionFactoryInitiator    : HHH000026: Second-level cache disabled
2025-02-19T11:13:17.537+09:00  INFO 88877 --- [    Test worker] o.s.o.j.p.SpringPersistenceUnitInfo      : No LoadTimeWeaver setup: ignoring JPA class transformer
2025-02-19T11:13:17.553+09:00  INFO 88877 --- [    Test worker] com.zaxxer.hikari.HikariDataSource       : HikariPool-1 - Starting...
2025-02-19T11:13:17.646+09:00  INFO 88877 --- [    Test worker] com.zaxxer.hikari.pool.HikariPool        : HikariPool-1 - Added connection com.mysql.cj.jdbc.ConnectionImpl@26f480c6
2025-02-19T11:13:17.647+09:00  INFO 88877 --- [    Test worker] com.zaxxer.hikari.HikariDataSource       : HikariPool-1 - Start completed.
2025-02-19T11:13:17.691+09:00  INFO 88877 --- [    Test worker] org.hibernate.orm.connections.pooling    : HHH10001005: Database info:
	Database JDBC URL [Connecting through datasource 'p6SpyDataSourceDecorator [com.p6spy.engine.spy.P6DataSource] -> dataSource [com.zaxxer.hikari.HikariDataSource]']
	Database driver: undefined/unknown
	Database version: 9.2
	Autocommit mode: undefined/unknown
	Isolation level: undefined/unknown
	Minimum pool size: undefined/unknown
	Maximum pool size: undefined/unknown
2025-02-19T11:13:18.119+09:00  INFO 88877 --- [    Test worker] o.h.e.t.j.p.i.JtaPlatformInitiator       : HHH000489: No JTA platform available (set 'hibernate.transaction.jta.platform' to enable JTA platform integration)
2025-02-19T11:13:18.136+09:00  INFO 88877 --- [    Test worker] p6spy                                    : #1739931198136 | took 9ms | statement | connection 1| url jdbc:mysql://localhost:3306/jwt?useSSL=false&useUnicode=true&serverTimezone=Asia/Seoul&allowPublicKeyRetrieval=true

    drop table if exists AuthEntity

    drop table if exists AuthEntity;
2025-02-19T11:13:18.141+09:00  INFO 88877 --- [    Test worker] p6spy                                    : #1739931198141 | took 4ms | statement | connection 1| url jdbc:mysql://localhost:3306/jwt?useSSL=false&useUnicode=true&serverTimezone=Asia/Seoul&allowPublicKeyRetrieval=true

    drop table if exists UserEntity

    drop table if exists UserEntity;
2025-02-19T11:13:18.153+09:00  INFO 88877 --- [    Test worker] p6spy                                    : #1739931198153 | took 8ms | statement | connection 2| url jdbc:mysql://localhost:3306/jwt?useSSL=false&useUnicode=true&serverTimezone=Asia/Seoul&allowPublicKeyRetrieval=true

    create table AuthEntity (
        id bigint not null auto_increment,
        expiration varchar(255),
        refreshToken varchar(255),
        username varchar(255),
        primary key (id)
    ) engine=InnoDB

    create table AuthEntity (
        id bigint not null auto_increment,
        expiration varchar(255),
        refreshToken varchar(255),
        username varchar(255),
        primary key (id)
    ) engine=InnoDB;
2025-02-19T11:13:18.160+09:00  INFO 88877 --- [    Test worker] p6spy                                    : #1739931198160 | took 6ms | statement | connection 2| url jdbc:mysql://localhost:3306/jwt?useSSL=false&useUnicode=true&serverTimezone=Asia/Seoul&allowPublicKeyRetrieval=true

    create table UserEntity (
        id bigint not null auto_increment,
        email varchar(255),
        name varchar(255),
        password varchar(255),
        role varchar(255),
        username varchar(255),
        primary key (id)
    ) engine=InnoDB

    create table UserEntity (
        id bigint not null auto_increment,
        email varchar(255),
        name varchar(255),
        password varchar(255),
        role varchar(255),
        username varchar(255),
        primary key (id)
    ) engine=InnoDB;
2025-02-19T11:13:18.162+09:00  INFO 88877 --- [    Test worker] j.LocalContainerEntityManagerFactoryBean : Initialized JPA EntityManagerFactory for persistence unit 'default'
JWT log: JWTUtil
JWT log: CorsMvcConfig addCorsMappings
JWT log: SecurityConfig filterChain
JWT log: SecurityConfig authenticationManager
JWT log: SecurityConfig bCryptPasswordEncoder
2025-02-19T11:13:18.751+09:00  INFO 88877 --- [    Test worker] c.e.D.DefaultProjectApplicationTests     : Started DefaultProjectApplicationTests in 2.252 seconds (process running for 2.845)
]]></system-out>
  <system-err><![CDATA[]]></system-err>
</testsuite>
